  [1m[36m (1.2ms)[0m  [1mCREATE TABLE "schema_migrations" ("version" varchar NOT NULL) [0m
  [1m[35m (0.0ms)[0m  select sqlite_version(*)
  [1m[36m (1.0ms)[0m  [1mCREATE UNIQUE INDEX "unique_schema_migrations" ON "schema_migrations" ("version")[0m
  [1m[35mActiveRecord::SchemaMigration Load (0.1ms)[0m  SELECT "schema_migrations".* FROM "schema_migrations"
  [1m[36mActiveRecord::SchemaMigration Load (0.1ms)[0m  [1mSELECT "schema_migrations".* FROM "schema_migrations"[0m
Migrating to CreatePosts (20151230232412)
  [1m[35m (0.1ms)[0m  begin transaction
  [1m[36m (0.4ms)[0m  [1mCREATE TABLE "posts" ("id" INTEGER PRIMARY KEY AUTOINCREMENT NOT NULL, "title" varchar, "description" text, "created_at" datetime NOT NULL, "updated_at" datetime NOT NULL) [0m
  [1m[35mSQL (0.2ms)[0m  INSERT INTO "schema_migrations" ("version") VALUES (?)  [["version", "20151230232412"]]
  [1m[36m (1.3ms)[0m  [1mcommit transaction[0m
  [1m[35mActiveRecord::SchemaMigration Load (0.1ms)[0m  SELECT "schema_migrations".* FROM "schema_migrations"


Started GET "/posts/new" for ::1 at 2015-12-30 20:30:31 -0600
  [1m[36mActiveRecord::SchemaMigration Load (0.1ms)[0m  [1mSELECT "schema_migrations".* FROM "schema_migrations"[0m
Processing by PostsController#new as HTML
  Rendered posts/new.html.erb within layouts/application (2.7ms)
Completed 200 OK in 393ms (Views: 383.8ms | ActiveRecord: 0.0ms)


Started POST "/posts" for ::1 at 2015-12-30 20:30:37 -0600
Processing by PostsController#create as HTML
  Parameters: {"utf8"=>"✓", "authenticity_token"=>"Hjp1RiR9ya6iFqkxVbwpk4S8rTowSYfUHBxQZzKCrcwuqlFxP2gFlrxGWRZYDnx9U/sdURHTMwpX6/wSjx76KQ==", "title"=>"Rails Introduction Quiz", "description"=>"asdfasd", "commit"=>"Submit Post"}
Redirected to http://localhost:3000/posts/new
Completed 302 Found in 1ms (ActiveRecord: 0.0ms)


Started GET "/posts/new" for ::1 at 2015-12-30 20:30:37 -0600
Processing by PostsController#new as HTML
  Rendered posts/new.html.erb within layouts/application (0.4ms)
Completed 200 OK in 10ms (Views: 9.0ms | ActiveRecord: 0.0ms)


Started GET "/posts/new?someting=asdafdas" for ::1 at 2015-12-30 20:33:34 -0600
Processing by PostsController#new as HTML
  Parameters: {"someting"=>"asdafdas"}
  Rendered posts/new.html.erb within layouts/application (0.3ms)
Completed 200 OK in 9ms (Views: 8.1ms | ActiveRecord: 0.0ms)


Started GET "/posts/new?someting=asdafdas" for ::1 at 2015-12-30 20:40:29 -0600
Processing by PostsController#new as HTML
  Parameters: {"someting"=>"asdafdas"}
  Rendered posts/new.html.erb within layouts/application (0.4ms)
Completed 200 OK in 10ms (Views: 9.6ms | ActiveRecord: 0.0ms)


Started GET "/assets/application.self-e80e8f2318043e8af94dddc2adad5a4f09739a8ebb323b3ab31cd71d45fd9113.css?body=1" for ::1 at 2015-12-30 20:40:29 -0600


Started GET "/assets/jquery_ujs.self-d456baa54c1fa6be2ec3711f0a72ddf7a5b2f34a6b4f515f33767d6207b7d4b3.js?body=1" for ::1 at 2015-12-30 20:40:29 -0600


Started GET "/assets/jquery.self-a714331225dda820228db323939889f149aec0127aeb06255646b616ba1ca419.js?body=1" for ::1 at 2015-12-30 20:40:29 -0600


Started GET "/assets/application.self-3b8dabdc891efe46b9a144b400ad69e37d7e5876bdc39dee783419a69d7ca819.js?body=1" for ::1 at 2015-12-30 20:40:29 -0600


Started GET "/assets/turbolinks.self-c37727e9bd6b2735da5c311aa83fead54ed0be6cc8bd9a65309e9c5abe2cbfff.js?body=1" for ::1 at 2015-12-30 20:40:29 -0600


Started GET "/posts/new" for ::1 at 2015-12-30 20:40:37 -0600
Processing by PostsController#new as HTML
  Rendered posts/new.html.erb within layouts/application (0.4ms)
Completed 200 OK in 10ms (Views: 9.3ms | ActiveRecord: 0.0ms)


Started POST "/posts" for ::1 at 2015-12-30 20:40:55 -0600
Processing by PostsController#create as HTML
  Parameters: {"utf8"=>"✓", "authenticity_token"=>"8wEmAU4QXBwNFcOKOvFNuQeQp8Yq4xHFehAkMFbvryDDkQI2VQWQJBNFM603QxhX0NcXrQt5pRsx54hF63P4xQ==", "title"=>"Rails Introduction Quiz", "description"=>"asdfasdfasd", "commit"=>"Submit Post"}
Redirected to http://localhost:3000/posts/new
Completed 302 Found in 1ms (ActiveRecord: 0.0ms)


Started GET "/posts/new" for ::1 at 2015-12-30 20:40:55 -0600
Processing by PostsController#new as HTML
  Rendered posts/new.html.erb within layouts/application (0.3ms)
Completed 200 OK in 8ms (Views: 6.9ms | ActiveRecord: 0.0ms)


Started GET "/posts/new" for ::1 at 2015-12-30 20:41:09 -0600
Processing by PostsController#new as HTML
  Rendered posts/new.html.erb within layouts/application (0.4ms)
Completed 200 OK in 10ms (Views: 8.9ms | ActiveRecord: 0.0ms)


Started GET "/assets/application.self-e80e8f2318043e8af94dddc2adad5a4f09739a8ebb323b3ab31cd71d45fd9113.css?body=1" for ::1 at 2015-12-30 20:41:09 -0600


Started GET "/assets/turbolinks.self-c37727e9bd6b2735da5c311aa83fead54ed0be6cc8bd9a65309e9c5abe2cbfff.js?body=1" for ::1 at 2015-12-30 20:41:09 -0600


Started GET "/assets/jquery_ujs.self-d456baa54c1fa6be2ec3711f0a72ddf7a5b2f34a6b4f515f33767d6207b7d4b3.js?body=1" for ::1 at 2015-12-30 20:41:09 -0600


Started GET "/assets/jquery.self-a714331225dda820228db323939889f149aec0127aeb06255646b616ba1ca419.js?body=1" for ::1 at 2015-12-30 20:41:09 -0600


Started GET "/assets/application.self-3b8dabdc891efe46b9a144b400ad69e37d7e5876bdc39dee783419a69d7ca819.js?body=1" for ::1 at 2015-12-30 20:41:09 -0600


Started POST "/posts" for ::1 at 2015-12-30 20:41:12 -0600
Processing by PostsController#create as HTML
  Parameters: {"utf8"=>"✓", "authenticity_token"=>"wM0kUAuTuVVs64yO9C+2FgVExLWEkXYBL4fHjMvdHb/wXQBnEIZ1bXK7fKn5neP40gN03qULwt9kcGv5dkFKWg==", "title"=>"Rails Introduction Quiz", "description"=>"asdf", "commit"=>"Submit Post"}
Redirected to http://localhost:3000/posts/new?post%5Baction%5D=create&post%5Bauthenticity_token%5D=wM0kUAuTuVVs64yO9C%2B2FgVExLWEkXYBL4fHjMvdHb%2FwXQBnEIZ1bXK7fKn5neP40gN03qULwt9kcGv5dkFKWg%3D%3D&post%5Bcommit%5D=Submit+Post&post%5Bcontroller%5D=posts&post%5Bdescription%5D=asdf&post%5Btitle%5D=Rails+Introduction+Quiz&post%5Butf8%5D=%E2%9C%93
Completed 302 Found in 1ms (ActiveRecord: 0.0ms)


Started GET "/posts/new?post%5Baction%5D=create&post%5Bauthenticity_token%5D=wM0kUAuTuVVs64yO9C%2B2FgVExLWEkXYBL4fHjMvdHb%2FwXQBnEIZ1bXK7fKn5neP40gN03qULwt9kcGv5dkFKWg%3D%3D&post%5Bcommit%5D=Submit+Post&post%5Bcontroller%5D=posts&post%5Bdescription%5D=asdf&post%5Btitle%5D=Rails+Introduction+Quiz&post%5Butf8%5D=%E2%9C%93" for ::1 at 2015-12-30 20:41:12 -0600
Processing by PostsController#new as HTML
  Parameters: {"post"=>{"action"=>"create", "authenticity_token"=>"wM0kUAuTuVVs64yO9C+2FgVExLWEkXYBL4fHjMvdHb/wXQBnEIZ1bXK7fKn5neP40gN03qULwt9kcGv5dkFKWg==", "commit"=>"Submit Post", "controller"=>"posts", "description"=>"asdf", "title"=>"Rails Introduction Quiz", "utf8"=>"✓"}}
  Rendered posts/new.html.erb within layouts/application (0.3ms)
Completed 200 OK in 8ms (Views: 7.2ms | ActiveRecord: 0.0ms)


Started GET "/students" for ::1 at 2018-12-18 11:24:02 +0000
  [1m[36mActiveRecord::SchemaMigration Load (0.4ms)[0m  [1mSELECT "schema_migrations".* FROM "schema_migrations"[0m

ActionController::RoutingError (No route matches [GET] "/students"):
  vendor/cache/ruby/2.3.0/gems/actionpack-4.2.10/lib/action_dispatch/middleware/debug_exceptions.rb:21:in `call'
  vendor/cache/ruby/2.3.0/gems/actionpack-4.2.10/lib/action_dispatch/middleware/show_exceptions.rb:30:in `call'
  vendor/cache/ruby/2.3.0/gems/railties-4.2.10/lib/rails/rack/logger.rb:38:in `call_app'
  vendor/cache/ruby/2.3.0/gems/railties-4.2.10/lib/rails/rack/logger.rb:20:in `block in call'
  vendor/cache/ruby/2.3.0/gems/activesupport-4.2.10/lib/active_support/tagged_logging.rb:68:in `block in tagged'
  vendor/cache/ruby/2.3.0/gems/activesupport-4.2.10/lib/active_support/tagged_logging.rb:26:in `tagged'
  vendor/cache/ruby/2.3.0/gems/activesupport-4.2.10/lib/active_support/tagged_logging.rb:68:in `tagged'
  vendor/cache/ruby/2.3.0/gems/railties-4.2.10/lib/rails/rack/logger.rb:20:in `call'
  vendor/cache/ruby/2.3.0/gems/actionpack-4.2.10/lib/action_dispatch/middleware/request_id.rb:21:in `call'
  vendor/cache/ruby/2.3.0/gems/rack-1.6.10/lib/rack/methodoverride.rb:22:in `call'
  vendor/cache/ruby/2.3.0/gems/rack-1.6.10/lib/rack/runtime.rb:18:in `call'
  vendor/cache/ruby/2.3.0/gems/activesupport-4.2.10/lib/active_support/cache/strategy/local_cache_middleware.rb:28:in `call'
  vendor/cache/ruby/2.3.0/gems/rack-1.6.10/lib/rack/lock.rb:17:in `call'
  vendor/cache/ruby/2.3.0/gems/actionpack-4.2.10/lib/action_dispatch/middleware/static.rb:120:in `call'
  vendor/cache/ruby/2.3.0/gems/rack-1.6.10/lib/rack/sendfile.rb:113:in `call'
  vendor/cache/ruby/2.3.0/gems/railties-4.2.10/lib/rails/engine.rb:518:in `call'
  vendor/cache/ruby/2.3.0/gems/railties-4.2.10/lib/rails/application.rb:165:in `call'
  vendor/cache/ruby/2.3.0/gems/rack-1.6.10/lib/rack/lock.rb:17:in `call'
  vendor/cache/ruby/2.3.0/gems/rack-1.6.10/lib/rack/content_length.rb:15:in `call'
  vendor/cache/ruby/2.3.0/gems/rack-1.6.10/lib/rack/handler/webrick.rb:88:in `service'
  /Users/sutty/.rvm/rubies/ruby-2.3.3/lib/ruby/2.3.0/webrick/httpserver.rb:140:in `service'
  /Users/sutty/.rvm/rubies/ruby-2.3.3/lib/ruby/2.3.0/webrick/httpserver.rb:96:in `run'
  /Users/sutty/.rvm/rubies/ruby-2.3.3/lib/ruby/2.3.0/webrick/server.rb:296:in `block in start_thread'


  Rendered vendor/cache/ruby/2.3.0/gems/actionpack-4.2.10/lib/action_dispatch/middleware/templates/rescues/_trace.html.erb (1.7ms)
  Rendered vendor/cache/ruby/2.3.0/gems/actionpack-4.2.10/lib/action_dispatch/middleware/templates/routes/_route.html.erb (0.7ms)
  Rendered vendor/cache/ruby/2.3.0/gems/actionpack-4.2.10/lib/action_dispatch/middleware/templates/routes/_table.html.erb (18.1ms)
  Rendered vendor/cache/ruby/2.3.0/gems/actionpack-4.2.10/lib/action_dispatch/middleware/templates/rescues/_request_and_response.html.erb (12.4ms)
  Rendered vendor/cache/ruby/2.3.0/gems/actionpack-4.2.10/lib/action_dispatch/middleware/templates/rescues/routing_error.html.erb within rescues/layout (237.4ms)


Started GET "/" for ::1 at 2018-12-18 16:03:54 +0000
  [1m[36mActiveRecord::SchemaMigration Load (0.5ms)[0m  [1mSELECT "schema_migrations".* FROM "schema_migrations"[0m
Processing by Rails::WelcomeController#index as HTML
  Rendered vendor/cache/ruby/2.3.0/gems/railties-4.2.10/lib/rails/templates/rails/welcome/index.html.erb (3.2ms)
Completed 200 OK in 39ms (Views: 24.6ms | ActiveRecord: 0.0ms)


Started GET "/posts" for ::1 at 2018-12-18 16:04:01 +0000
Processing by PostsController#index as HTML
  [1m[35mPost Load (0.4ms)[0m  SELECT "posts".* FROM "posts"
  Rendered posts/index.html.erb within layouts/application (2.4ms)
Completed 200 OK in 702ms (Views: 691.8ms | ActiveRecord: 0.5ms)


Started GET "/posts" for ::1 at 2018-12-18 16:31:05 +0000
  [1m[36mActiveRecord::SchemaMigration Load (0.5ms)[0m  [1mSELECT "schema_migrations".* FROM "schema_migrations"[0m

LoadError (No such file to load -- rails_helper):
  app/helpers/application_helper.rb:3:in `<module:ApplicationHelper>'
  app/helpers/application_helper.rb:1:in `<top (required)>'
  app/controllers/application_controller.rb:1:in `<top (required)>'
  app/controllers/posts_controller.rb:1:in `<top (required)>'


  Rendered vendor/cache/ruby/2.3.0/gems/actionpack-4.2.10/lib/action_dispatch/middleware/templates/rescues/_source.erb (4.9ms)
  Rendered vendor/cache/ruby/2.3.0/gems/actionpack-4.2.10/lib/action_dispatch/middleware/templates/rescues/_trace.html.erb (2.2ms)
  Rendered vendor/cache/ruby/2.3.0/gems/actionpack-4.2.10/lib/action_dispatch/middleware/templates/rescues/_request_and_response.html.erb (15.0ms)
  Rendered vendor/cache/ruby/2.3.0/gems/actionpack-4.2.10/lib/action_dispatch/middleware/templates/rescues/diagnostics.html.erb within rescues/layout (177.4ms)


Started GET "/posts" for ::1 at 2018-12-18 16:32:08 +0000
Processing by PostsController#index as HTML
  [1m[35mPost Load (0.7ms)[0m  SELECT "posts".* FROM "posts"
  Rendered posts/index.html.erb within layouts/application (4.5ms)
Completed 200 OK in 376ms (Views: 361.4ms | ActiveRecord: 0.8ms)


Started GET "/posts" for ::1 at 2018-12-18 16:32:30 +0000
  [1m[36mActiveRecord::SchemaMigration Load (0.1ms)[0m  [1mSELECT "schema_migrations".* FROM "schema_migrations"[0m
Processing by PostsController#index as HTML
  [1m[35mPost Load (0.2ms)[0m  SELECT "posts".* FROM "posts"
  Rendered posts/index.html.erb within layouts/application (7.0ms)
Completed 200 OK in 339ms (Views: 318.0ms | ActiveRecord: 0.4ms)


Started GET "/posts" for ::1 at 2018-12-18 16:32:47 +0000
Processing by PostsController#index as HTML
  [1m[36mPost Load (0.1ms)[0m  [1mSELECT "posts".* FROM "posts"[0m
  Rendered posts/index.html.erb within layouts/application (0.5ms)
Completed 200 OK in 25ms (Views: 23.5ms | ActiveRecord: 0.1ms)


Started GET "/posts/new" for ::1 at 2018-12-18 16:51:23 +0000
  [1m[36mActiveRecord::SchemaMigration Load (0.5ms)[0m  [1mSELECT "schema_migrations".* FROM "schema_migrations"[0m
Processing by PostsController#new as HTML
  Rendered posts/new.html.erb within layouts/application (2.0ms)
Completed 200 OK in 385ms (Views: 366.4ms | ActiveRecord: 0.0ms)


Started GET "/posts/new" for ::1 at 2018-12-18 16:52:08 +0000
Processing by PostsController#new as HTML
  Rendered posts/new.html.erb within layouts/application (0.7ms)
Completed 200 OK in 33ms (Views: 32.6ms | ActiveRecord: 0.0ms)


Started GET "/posts/new?post%5Btitle%5D=&post%5Bdescription%5D=" for ::1 at 2018-12-18 16:53:53 +0000
Processing by PostsController#new as HTML
  Parameters: {"post"=>{"title"=>"", "description"=>""}}
  Rendered posts/new.html.erb within layouts/application (0.1ms)
Completed 200 OK in 29ms (Views: 28.9ms | ActiveRecord: 0.0ms)


Started GET "/posts/new" for ::1 at 2018-12-18 16:55:34 +0000
Processing by PostsController#new as HTML
  Rendered posts/new.html.erb within layouts/application (1.0ms)
Completed 200 OK in 28ms (Views: 27.3ms | ActiveRecord: 0.0ms)


Started POST "/posts" for ::1 at 2018-12-18 16:55:38 +0000

ActionController::RoutingError (No route matches [POST] "/posts"):
  vendor/cache/ruby/2.3.0/gems/actionpack-4.2.10/lib/action_dispatch/middleware/debug_exceptions.rb:21:in `call'
  vendor/cache/ruby/2.3.0/gems/actionpack-4.2.10/lib/action_dispatch/middleware/show_exceptions.rb:30:in `call'
  vendor/cache/ruby/2.3.0/gems/railties-4.2.10/lib/rails/rack/logger.rb:38:in `call_app'
  vendor/cache/ruby/2.3.0/gems/railties-4.2.10/lib/rails/rack/logger.rb:20:in `block in call'
  vendor/cache/ruby/2.3.0/gems/activesupport-4.2.10/lib/active_support/tagged_logging.rb:68:in `block in tagged'
  vendor/cache/ruby/2.3.0/gems/activesupport-4.2.10/lib/active_support/tagged_logging.rb:26:in `tagged'
  vendor/cache/ruby/2.3.0/gems/activesupport-4.2.10/lib/active_support/tagged_logging.rb:68:in `tagged'
  vendor/cache/ruby/2.3.0/gems/railties-4.2.10/lib/rails/rack/logger.rb:20:in `call'
  vendor/cache/ruby/2.3.0/gems/actionpack-4.2.10/lib/action_dispatch/middleware/request_id.rb:21:in `call'
  vendor/cache/ruby/2.3.0/gems/rack-1.6.10/lib/rack/methodoverride.rb:22:in `call'
  vendor/cache/ruby/2.3.0/gems/rack-1.6.10/lib/rack/runtime.rb:18:in `call'
  vendor/cache/ruby/2.3.0/gems/activesupport-4.2.10/lib/active_support/cache/strategy/local_cache_middleware.rb:28:in `call'
  vendor/cache/ruby/2.3.0/gems/rack-1.6.10/lib/rack/lock.rb:17:in `call'
  vendor/cache/ruby/2.3.0/gems/actionpack-4.2.10/lib/action_dispatch/middleware/static.rb:120:in `call'
  vendor/cache/ruby/2.3.0/gems/rack-1.6.10/lib/rack/sendfile.rb:113:in `call'
  vendor/cache/ruby/2.3.0/gems/railties-4.2.10/lib/rails/engine.rb:518:in `call'
  vendor/cache/ruby/2.3.0/gems/railties-4.2.10/lib/rails/application.rb:165:in `call'
  vendor/cache/ruby/2.3.0/gems/rack-1.6.10/lib/rack/lock.rb:17:in `call'
  vendor/cache/ruby/2.3.0/gems/rack-1.6.10/lib/rack/content_length.rb:15:in `call'
  vendor/cache/ruby/2.3.0/gems/rack-1.6.10/lib/rack/handler/webrick.rb:88:in `service'
  /Users/sutty/.rvm/rubies/ruby-2.3.3/lib/ruby/2.3.0/webrick/httpserver.rb:140:in `service'
  /Users/sutty/.rvm/rubies/ruby-2.3.3/lib/ruby/2.3.0/webrick/httpserver.rb:96:in `run'
  /Users/sutty/.rvm/rubies/ruby-2.3.3/lib/ruby/2.3.0/webrick/server.rb:296:in `block in start_thread'


  Rendered vendor/cache/ruby/2.3.0/gems/actionpack-4.2.10/lib/action_dispatch/middleware/templates/rescues/_trace.html.erb (2.1ms)
  Rendered vendor/cache/ruby/2.3.0/gems/actionpack-4.2.10/lib/action_dispatch/middleware/templates/routes/_route.html.erb (0.7ms)
  Rendered vendor/cache/ruby/2.3.0/gems/actionpack-4.2.10/lib/action_dispatch/middleware/templates/routes/_table.html.erb (12.0ms)
  Rendered vendor/cache/ruby/2.3.0/gems/actionpack-4.2.10/lib/action_dispatch/middleware/templates/rescues/_request_and_response.html.erb (1.3ms)
  Rendered vendor/cache/ruby/2.3.0/gems/actionpack-4.2.10/lib/action_dispatch/middleware/templates/rescues/routing_error.html.erb within rescues/layout (264.0ms)


Started GET "/posts/new" for ::1 at 2018-12-18 16:55:55 +0000
Processing by PostsController#new as HTML
  Rendered posts/new.html.erb within layouts/application (0.3ms)
Completed 200 OK in 65ms (Views: 64.5ms | ActiveRecord: 0.0ms)


Started POST "/posts" for ::1 at 2018-12-18 16:57:56 +0000

ActionController::RoutingError (No route matches [POST] "/posts"):
  vendor/cache/ruby/2.3.0/gems/actionpack-4.2.10/lib/action_dispatch/middleware/debug_exceptions.rb:21:in `call'
  vendor/cache/ruby/2.3.0/gems/actionpack-4.2.10/lib/action_dispatch/middleware/show_exceptions.rb:30:in `call'
  vendor/cache/ruby/2.3.0/gems/railties-4.2.10/lib/rails/rack/logger.rb:38:in `call_app'
  vendor/cache/ruby/2.3.0/gems/railties-4.2.10/lib/rails/rack/logger.rb:20:in `block in call'
  vendor/cache/ruby/2.3.0/gems/activesupport-4.2.10/lib/active_support/tagged_logging.rb:68:in `block in tagged'
  vendor/cache/ruby/2.3.0/gems/activesupport-4.2.10/lib/active_support/tagged_logging.rb:26:in `tagged'
  vendor/cache/ruby/2.3.0/gems/activesupport-4.2.10/lib/active_support/tagged_logging.rb:68:in `tagged'
  vendor/cache/ruby/2.3.0/gems/railties-4.2.10/lib/rails/rack/logger.rb:20:in `call'
  vendor/cache/ruby/2.3.0/gems/actionpack-4.2.10/lib/action_dispatch/middleware/request_id.rb:21:in `call'
  vendor/cache/ruby/2.3.0/gems/rack-1.6.10/lib/rack/methodoverride.rb:22:in `call'
  vendor/cache/ruby/2.3.0/gems/rack-1.6.10/lib/rack/runtime.rb:18:in `call'
  vendor/cache/ruby/2.3.0/gems/activesupport-4.2.10/lib/active_support/cache/strategy/local_cache_middleware.rb:28:in `call'
  vendor/cache/ruby/2.3.0/gems/rack-1.6.10/lib/rack/lock.rb:17:in `call'
  vendor/cache/ruby/2.3.0/gems/actionpack-4.2.10/lib/action_dispatch/middleware/static.rb:120:in `call'
  vendor/cache/ruby/2.3.0/gems/rack-1.6.10/lib/rack/sendfile.rb:113:in `call'
  vendor/cache/ruby/2.3.0/gems/railties-4.2.10/lib/rails/engine.rb:518:in `call'
  vendor/cache/ruby/2.3.0/gems/railties-4.2.10/lib/rails/application.rb:165:in `call'
  vendor/cache/ruby/2.3.0/gems/rack-1.6.10/lib/rack/lock.rb:17:in `call'
  vendor/cache/ruby/2.3.0/gems/rack-1.6.10/lib/rack/content_length.rb:15:in `call'
  vendor/cache/ruby/2.3.0/gems/rack-1.6.10/lib/rack/handler/webrick.rb:88:in `service'
  /Users/sutty/.rvm/rubies/ruby-2.3.3/lib/ruby/2.3.0/webrick/httpserver.rb:140:in `service'
  /Users/sutty/.rvm/rubies/ruby-2.3.3/lib/ruby/2.3.0/webrick/httpserver.rb:96:in `run'
  /Users/sutty/.rvm/rubies/ruby-2.3.3/lib/ruby/2.3.0/webrick/server.rb:296:in `block in start_thread'


  Rendered vendor/cache/ruby/2.3.0/gems/actionpack-4.2.10/lib/action_dispatch/middleware/templates/rescues/_trace.html.erb (1.5ms)
  Rendered vendor/cache/ruby/2.3.0/gems/actionpack-4.2.10/lib/action_dispatch/middleware/templates/routes/_route.html.erb (0.8ms)
  Rendered vendor/cache/ruby/2.3.0/gems/actionpack-4.2.10/lib/action_dispatch/middleware/templates/routes/_table.html.erb (1.2ms)
  Rendered vendor/cache/ruby/2.3.0/gems/actionpack-4.2.10/lib/action_dispatch/middleware/templates/rescues/_request_and_response.html.erb (2.4ms)
  Rendered vendor/cache/ruby/2.3.0/gems/actionpack-4.2.10/lib/action_dispatch/middleware/templates/rescues/routing_error.html.erb within rescues/layout (211.9ms)


Started GET "/posts" for ::1 at 2018-12-18 16:58:23 +0000
Processing by PostsController#index as HTML
  [1m[35mPost Load (0.6ms)[0m  SELECT "posts".* FROM "posts"
  Rendered posts/index.html.erb within layouts/application (2.9ms)
Completed 200 OK in 72ms (Views: 68.4ms | ActiveRecord: 0.8ms)


Started GET "/posts/new" for ::1 at 2018-12-18 16:58:35 +0000
Processing by PostsController#new as HTML
  Rendered posts/new.html.erb within layouts/application (0.4ms)
Completed 200 OK in 34ms (Views: 33.5ms | ActiveRecord: 0.0ms)


Started POST "/posts" for ::1 at 2018-12-18 16:58:37 +0000

AbstractController::ActionNotFound (The action 'create' could not be found for PostsController):
  vendor/cache/ruby/2.3.0/gems/actionpack-4.2.10/lib/abstract_controller/base.rb:132:in `process'
  vendor/cache/ruby/2.3.0/gems/actionview-4.2.10/lib/action_view/rendering.rb:30:in `process'
  vendor/cache/ruby/2.3.0/gems/actionpack-4.2.10/lib/action_controller/metal.rb:196:in `dispatch'
  vendor/cache/ruby/2.3.0/gems/actionpack-4.2.10/lib/action_controller/metal/rack_delegation.rb:13:in `dispatch'
  vendor/cache/ruby/2.3.0/gems/actionpack-4.2.10/lib/action_controller/metal.rb:237:in `block in action'
  vendor/cache/ruby/2.3.0/gems/actionpack-4.2.10/lib/action_dispatch/routing/route_set.rb:74:in `dispatch'
  vendor/cache/ruby/2.3.0/gems/actionpack-4.2.10/lib/action_dispatch/routing/route_set.rb:43:in `serve'
  vendor/cache/ruby/2.3.0/gems/actionpack-4.2.10/lib/action_dispatch/journey/router.rb:43:in `block in serve'
  vendor/cache/ruby/2.3.0/gems/actionpack-4.2.10/lib/action_dispatch/journey/router.rb:30:in `each'
  vendor/cache/ruby/2.3.0/gems/actionpack-4.2.10/lib/action_dispatch/journey/router.rb:30:in `serve'
  vendor/cache/ruby/2.3.0/gems/actionpack-4.2.10/lib/action_dispatch/routing/route_set.rb:817:in `call'
  vendor/cache/ruby/2.3.0/gems/rack-1.6.10/lib/rack/etag.rb:24:in `call'
  vendor/cache/ruby/2.3.0/gems/rack-1.6.10/lib/rack/conditionalget.rb:38:in `call'
  vendor/cache/ruby/2.3.0/gems/rack-1.6.10/lib/rack/head.rb:13:in `call'
  vendor/cache/ruby/2.3.0/gems/actionpack-4.2.10/lib/action_dispatch/middleware/params_parser.rb:27:in `call'
  vendor/cache/ruby/2.3.0/gems/actionpack-4.2.10/lib/action_dispatch/middleware/flash.rb:260:in `call'
  vendor/cache/ruby/2.3.0/gems/rack-1.6.10/lib/rack/session/abstract/id.rb:225:in `context'
  vendor/cache/ruby/2.3.0/gems/rack-1.6.10/lib/rack/session/abstract/id.rb:220:in `call'
  vendor/cache/ruby/2.3.0/gems/actionpack-4.2.10/lib/action_dispatch/middleware/cookies.rb:560:in `call'
  vendor/cache/ruby/2.3.0/gems/activerecord-4.2.10/lib/active_record/query_cache.rb:36:in `call'
  vendor/cache/ruby/2.3.0/gems/activerecord-4.2.10/lib/active_record/connection_adapters/abstract/connection_pool.rb:653:in `call'
  vendor/cache/ruby/2.3.0/gems/activerecord-4.2.10/lib/active_record/migration.rb:377:in `call'
  vendor/cache/ruby/2.3.0/gems/actionpack-4.2.10/lib/action_dispatch/middleware/callbacks.rb:29:in `block in call'
  vendor/cache/ruby/2.3.0/gems/activesupport-4.2.10/lib/active_support/callbacks.rb:88:in `__run_callbacks__'
  vendor/cache/ruby/2.3.0/gems/activesupport-4.2.10/lib/active_support/callbacks.rb:778:in `_run_call_callbacks'
  vendor/cache/ruby/2.3.0/gems/activesupport-4.2.10/lib/active_support/callbacks.rb:81:in `run_callbacks'
  vendor/cache/ruby/2.3.0/gems/actionpack-4.2.10/lib/action_dispatch/middleware/callbacks.rb:27:in `call'
  vendor/cache/ruby/2.3.0/gems/actionpack-4.2.10/lib/action_dispatch/middleware/reloader.rb:73:in `call'
  vendor/cache/ruby/2.3.0/gems/actionpack-4.2.10/lib/action_dispatch/middleware/remote_ip.rb:78:in `call'
  vendor/cache/ruby/2.3.0/gems/actionpack-4.2.10/lib/action_dispatch/middleware/debug_exceptions.rb:17:in `call'
  vendor/cache/ruby/2.3.0/gems/actionpack-4.2.10/lib/action_dispatch/middleware/show_exceptions.rb:30:in `call'
  vendor/cache/ruby/2.3.0/gems/railties-4.2.10/lib/rails/rack/logger.rb:38:in `call_app'
  vendor/cache/ruby/2.3.0/gems/railties-4.2.10/lib/rails/rack/logger.rb:20:in `block in call'
  vendor/cache/ruby/2.3.0/gems/activesupport-4.2.10/lib/active_support/tagged_logging.rb:68:in `block in tagged'
  vendor/cache/ruby/2.3.0/gems/activesupport-4.2.10/lib/active_support/tagged_logging.rb:26:in `tagged'
  vendor/cache/ruby/2.3.0/gems/activesupport-4.2.10/lib/active_support/tagged_logging.rb:68:in `tagged'
  vendor/cache/ruby/2.3.0/gems/railties-4.2.10/lib/rails/rack/logger.rb:20:in `call'
  vendor/cache/ruby/2.3.0/gems/actionpack-4.2.10/lib/action_dispatch/middleware/request_id.rb:21:in `call'
  vendor/cache/ruby/2.3.0/gems/rack-1.6.10/lib/rack/methodoverride.rb:22:in `call'
  vendor/cache/ruby/2.3.0/gems/rack-1.6.10/lib/rack/runtime.rb:18:in `call'
  vendor/cache/ruby/2.3.0/gems/activesupport-4.2.10/lib/active_support/cache/strategy/local_cache_middleware.rb:28:in `call'
  vendor/cache/ruby/2.3.0/gems/rack-1.6.10/lib/rack/lock.rb:17:in `call'
  vendor/cache/ruby/2.3.0/gems/actionpack-4.2.10/lib/action_dispatch/middleware/static.rb:120:in `call'
  vendor/cache/ruby/2.3.0/gems/rack-1.6.10/lib/rack/sendfile.rb:113:in `call'
  vendor/cache/ruby/2.3.0/gems/railties-4.2.10/lib/rails/engine.rb:518:in `call'
  vendor/cache/ruby/2.3.0/gems/railties-4.2.10/lib/rails/application.rb:165:in `call'
  vendor/cache/ruby/2.3.0/gems/rack-1.6.10/lib/rack/lock.rb:17:in `call'
  vendor/cache/ruby/2.3.0/gems/rack-1.6.10/lib/rack/content_length.rb:15:in `call'
  vendor/cache/ruby/2.3.0/gems/rack-1.6.10/lib/rack/handler/webrick.rb:88:in `service'
  /Users/sutty/.rvm/rubies/ruby-2.3.3/lib/ruby/2.3.0/webrick/httpserver.rb:140:in `service'
  /Users/sutty/.rvm/rubies/ruby-2.3.3/lib/ruby/2.3.0/webrick/httpserver.rb:96:in `run'
  /Users/sutty/.rvm/rubies/ruby-2.3.3/lib/ruby/2.3.0/webrick/server.rb:296:in `block in start_thread'


  Rendered vendor/cache/ruby/2.3.0/gems/actionpack-4.2.10/lib/action_dispatch/middleware/templates/rescues/unknown_action.html.erb within rescues/layout (0.4ms)


Started GET "/posts/new" for ::1 at 2018-12-18 16:59:43 +0000
  [1m[36mActiveRecord::SchemaMigration Load (0.2ms)[0m  [1mSELECT "schema_migrations".* FROM "schema_migrations"[0m
Processing by PostsController#new as HTML
  Rendered posts/new.html.erb within layouts/application (2.9ms)
Completed 200 OK in 327ms (Views: 311.8ms | ActiveRecord: 0.0ms)


Started POST "/posts" for ::1 at 2018-12-18 16:59:46 +0000

AbstractController::ActionNotFound (The action 'create' could not be found for PostsController):
  vendor/cache/ruby/2.3.0/gems/actionpack-4.2.10/lib/abstract_controller/base.rb:132:in `process'
  vendor/cache/ruby/2.3.0/gems/actionview-4.2.10/lib/action_view/rendering.rb:30:in `process'
  vendor/cache/ruby/2.3.0/gems/actionpack-4.2.10/lib/action_controller/metal.rb:196:in `dispatch'
  vendor/cache/ruby/2.3.0/gems/actionpack-4.2.10/lib/action_controller/metal/rack_delegation.rb:13:in `dispatch'
  vendor/cache/ruby/2.3.0/gems/actionpack-4.2.10/lib/action_controller/metal.rb:237:in `block in action'
  vendor/cache/ruby/2.3.0/gems/actionpack-4.2.10/lib/action_dispatch/routing/route_set.rb:74:in `dispatch'
  vendor/cache/ruby/2.3.0/gems/actionpack-4.2.10/lib/action_dispatch/routing/route_set.rb:43:in `serve'
  vendor/cache/ruby/2.3.0/gems/actionpack-4.2.10/lib/action_dispatch/journey/router.rb:43:in `block in serve'
  vendor/cache/ruby/2.3.0/gems/actionpack-4.2.10/lib/action_dispatch/journey/router.rb:30:in `each'
  vendor/cache/ruby/2.3.0/gems/actionpack-4.2.10/lib/action_dispatch/journey/router.rb:30:in `serve'
  vendor/cache/ruby/2.3.0/gems/actionpack-4.2.10/lib/action_dispatch/routing/route_set.rb:817:in `call'
  vendor/cache/ruby/2.3.0/gems/rack-1.6.10/lib/rack/etag.rb:24:in `call'
  vendor/cache/ruby/2.3.0/gems/rack-1.6.10/lib/rack/conditionalget.rb:38:in `call'
  vendor/cache/ruby/2.3.0/gems/rack-1.6.10/lib/rack/head.rb:13:in `call'
  vendor/cache/ruby/2.3.0/gems/actionpack-4.2.10/lib/action_dispatch/middleware/params_parser.rb:27:in `call'
  vendor/cache/ruby/2.3.0/gems/actionpack-4.2.10/lib/action_dispatch/middleware/flash.rb:260:in `call'
  vendor/cache/ruby/2.3.0/gems/rack-1.6.10/lib/rack/session/abstract/id.rb:225:in `context'
  vendor/cache/ruby/2.3.0/gems/rack-1.6.10/lib/rack/session/abstract/id.rb:220:in `call'
  vendor/cache/ruby/2.3.0/gems/actionpack-4.2.10/lib/action_dispatch/middleware/cookies.rb:560:in `call'
  vendor/cache/ruby/2.3.0/gems/activerecord-4.2.10/lib/active_record/query_cache.rb:36:in `call'
  vendor/cache/ruby/2.3.0/gems/activerecord-4.2.10/lib/active_record/connection_adapters/abstract/connection_pool.rb:653:in `call'
  vendor/cache/ruby/2.3.0/gems/activerecord-4.2.10/lib/active_record/migration.rb:377:in `call'
  vendor/cache/ruby/2.3.0/gems/actionpack-4.2.10/lib/action_dispatch/middleware/callbacks.rb:29:in `block in call'
  vendor/cache/ruby/2.3.0/gems/activesupport-4.2.10/lib/active_support/callbacks.rb:88:in `__run_callbacks__'
  vendor/cache/ruby/2.3.0/gems/activesupport-4.2.10/lib/active_support/callbacks.rb:778:in `_run_call_callbacks'
  vendor/cache/ruby/2.3.0/gems/activesupport-4.2.10/lib/active_support/callbacks.rb:81:in `run_callbacks'
  vendor/cache/ruby/2.3.0/gems/actionpack-4.2.10/lib/action_dispatch/middleware/callbacks.rb:27:in `call'
  vendor/cache/ruby/2.3.0/gems/actionpack-4.2.10/lib/action_dispatch/middleware/reloader.rb:73:in `call'
  vendor/cache/ruby/2.3.0/gems/actionpack-4.2.10/lib/action_dispatch/middleware/remote_ip.rb:78:in `call'
  vendor/cache/ruby/2.3.0/gems/actionpack-4.2.10/lib/action_dispatch/middleware/debug_exceptions.rb:17:in `call'
  vendor/cache/ruby/2.3.0/gems/actionpack-4.2.10/lib/action_dispatch/middleware/show_exceptions.rb:30:in `call'
  vendor/cache/ruby/2.3.0/gems/railties-4.2.10/lib/rails/rack/logger.rb:38:in `call_app'
  vendor/cache/ruby/2.3.0/gems/railties-4.2.10/lib/rails/rack/logger.rb:20:in `block in call'
  vendor/cache/ruby/2.3.0/gems/activesupport-4.2.10/lib/active_support/tagged_logging.rb:68:in `block in tagged'
  vendor/cache/ruby/2.3.0/gems/activesupport-4.2.10/lib/active_support/tagged_logging.rb:26:in `tagged'
  vendor/cache/ruby/2.3.0/gems/activesupport-4.2.10/lib/active_support/tagged_logging.rb:68:in `tagged'
  vendor/cache/ruby/2.3.0/gems/railties-4.2.10/lib/rails/rack/logger.rb:20:in `call'
  vendor/cache/ruby/2.3.0/gems/actionpack-4.2.10/lib/action_dispatch/middleware/request_id.rb:21:in `call'
  vendor/cache/ruby/2.3.0/gems/rack-1.6.10/lib/rack/methodoverride.rb:22:in `call'
  vendor/cache/ruby/2.3.0/gems/rack-1.6.10/lib/rack/runtime.rb:18:in `call'
  vendor/cache/ruby/2.3.0/gems/activesupport-4.2.10/lib/active_support/cache/strategy/local_cache_middleware.rb:28:in `call'
  vendor/cache/ruby/2.3.0/gems/rack-1.6.10/lib/rack/lock.rb:17:in `call'
  vendor/cache/ruby/2.3.0/gems/actionpack-4.2.10/lib/action_dispatch/middleware/static.rb:120:in `call'
  vendor/cache/ruby/2.3.0/gems/rack-1.6.10/lib/rack/sendfile.rb:113:in `call'
  vendor/cache/ruby/2.3.0/gems/railties-4.2.10/lib/rails/engine.rb:518:in `call'
  vendor/cache/ruby/2.3.0/gems/railties-4.2.10/lib/rails/application.rb:165:in `call'
  vendor/cache/ruby/2.3.0/gems/rack-1.6.10/lib/rack/lock.rb:17:in `call'
  vendor/cache/ruby/2.3.0/gems/rack-1.6.10/lib/rack/content_length.rb:15:in `call'
  vendor/cache/ruby/2.3.0/gems/rack-1.6.10/lib/rack/handler/webrick.rb:88:in `service'
  /Users/sutty/.rvm/rubies/ruby-2.3.3/lib/ruby/2.3.0/webrick/httpserver.rb:140:in `service'
  /Users/sutty/.rvm/rubies/ruby-2.3.3/lib/ruby/2.3.0/webrick/httpserver.rb:96:in `run'
  /Users/sutty/.rvm/rubies/ruby-2.3.3/lib/ruby/2.3.0/webrick/server.rb:296:in `block in start_thread'


  Rendered vendor/cache/ruby/2.3.0/gems/actionpack-4.2.10/lib/action_dispatch/middleware/templates/rescues/unknown_action.html.erb within rescues/layout (0.5ms)


Started GET "/posts" for ::1 at 2018-12-18 17:00:43 +0000
Processing by PostsController#index as HTML
  [1m[35mPost Load (0.5ms)[0m  SELECT "posts".* FROM "posts"
  Rendered posts/index.html.erb within layouts/application (2.9ms)
Completed 200 OK in 45ms (Views: 39.9ms | ActiveRecord: 0.7ms)


Started POST "/posts" for ::1 at 2018-12-18 17:00:47 +0000
Processing by PostsController#create as HTML
  Parameters: {"post"=>{"title"=>"", "description"=>""}}
Can't verify CSRF token authenticity
Completed 422 Unprocessable Entity in 1ms (ActiveRecord: 0.0ms)

ActionController::InvalidAuthenticityToken (ActionController::InvalidAuthenticityToken):
  vendor/cache/ruby/2.3.0/gems/actionpack-4.2.10/lib/action_controller/metal/request_forgery_protection.rb:181:in `handle_unverified_request'
  vendor/cache/ruby/2.3.0/gems/actionpack-4.2.10/lib/action_controller/metal/request_forgery_protection.rb:209:in `handle_unverified_request'
  vendor/cache/ruby/2.3.0/gems/actionpack-4.2.10/lib/action_controller/metal/request_forgery_protection.rb:204:in `verify_authenticity_token'
  vendor/cache/ruby/2.3.0/gems/activesupport-4.2.10/lib/active_support/callbacks.rb:432:in `block in make_lambda'
  vendor/cache/ruby/2.3.0/gems/activesupport-4.2.10/lib/active_support/callbacks.rb:164:in `block in halting'
  vendor/cache/ruby/2.3.0/gems/activesupport-4.2.10/lib/active_support/callbacks.rb:504:in `block in call'
  vendor/cache/ruby/2.3.0/gems/activesupport-4.2.10/lib/active_support/callbacks.rb:504:in `each'
  vendor/cache/ruby/2.3.0/gems/activesupport-4.2.10/lib/active_support/callbacks.rb:504:in `call'
  vendor/cache/ruby/2.3.0/gems/activesupport-4.2.10/lib/active_support/callbacks.rb:92:in `__run_callbacks__'
  vendor/cache/ruby/2.3.0/gems/activesupport-4.2.10/lib/active_support/callbacks.rb:778:in `_run_process_action_callbacks'
  vendor/cache/ruby/2.3.0/gems/activesupport-4.2.10/lib/active_support/callbacks.rb:81:in `run_callbacks'
  vendor/cache/ruby/2.3.0/gems/actionpack-4.2.10/lib/abstract_controller/callbacks.rb:19:in `process_action'
  vendor/cache/ruby/2.3.0/gems/actionpack-4.2.10/lib/action_controller/metal/rescue.rb:29:in `process_action'
  vendor/cache/ruby/2.3.0/gems/actionpack-4.2.10/lib/action_controller/metal/instrumentation.rb:32:in `block in process_action'
  vendor/cache/ruby/2.3.0/gems/activesupport-4.2.10/lib/active_support/notifications.rb:164:in `block in instrument'
  vendor/cache/ruby/2.3.0/gems/activesupport-4.2.10/lib/active_support/notifications/instrumenter.rb:20:in `instrument'
  vendor/cache/ruby/2.3.0/gems/activesupport-4.2.10/lib/active_support/notifications.rb:164:in `instrument'
  vendor/cache/ruby/2.3.0/gems/actionpack-4.2.10/lib/action_controller/metal/instrumentation.rb:30:in `process_action'
  vendor/cache/ruby/2.3.0/gems/actionpack-4.2.10/lib/action_controller/metal/params_wrapper.rb:250:in `process_action'
  vendor/cache/ruby/2.3.0/gems/activerecord-4.2.10/lib/active_record/railties/controller_runtime.rb:18:in `process_action'
  vendor/cache/ruby/2.3.0/gems/actionpack-4.2.10/lib/abstract_controller/base.rb:137:in `process'
  vendor/cache/ruby/2.3.0/gems/actionview-4.2.10/lib/action_view/rendering.rb:30:in `process'
  vendor/cache/ruby/2.3.0/gems/actionpack-4.2.10/lib/action_controller/metal.rb:196:in `dispatch'
  vendor/cache/ruby/2.3.0/gems/actionpack-4.2.10/lib/action_controller/metal/rack_delegation.rb:13:in `dispatch'
  vendor/cache/ruby/2.3.0/gems/actionpack-4.2.10/lib/action_controller/metal.rb:237:in `block in action'
  vendor/cache/ruby/2.3.0/gems/actionpack-4.2.10/lib/action_dispatch/routing/route_set.rb:74:in `dispatch'
  vendor/cache/ruby/2.3.0/gems/actionpack-4.2.10/lib/action_dispatch/routing/route_set.rb:43:in `serve'
  vendor/cache/ruby/2.3.0/gems/actionpack-4.2.10/lib/action_dispatch/journey/router.rb:43:in `block in serve'
  vendor/cache/ruby/2.3.0/gems/actionpack-4.2.10/lib/action_dispatch/journey/router.rb:30:in `each'
  vendor/cache/ruby/2.3.0/gems/actionpack-4.2.10/lib/action_dispatch/journey/router.rb:30:in `serve'
  vendor/cache/ruby/2.3.0/gems/actionpack-4.2.10/lib/action_dispatch/routing/route_set.rb:817:in `call'
  vendor/cache/ruby/2.3.0/gems/rack-1.6.10/lib/rack/etag.rb:24:in `call'
  vendor/cache/ruby/2.3.0/gems/rack-1.6.10/lib/rack/conditionalget.rb:38:in `call'
  vendor/cache/ruby/2.3.0/gems/rack-1.6.10/lib/rack/head.rb:13:in `call'
  vendor/cache/ruby/2.3.0/gems/actionpack-4.2.10/lib/action_dispatch/middleware/params_parser.rb:27:in `call'
  vendor/cache/ruby/2.3.0/gems/actionpack-4.2.10/lib/action_dispatch/middleware/flash.rb:260:in `call'
  vendor/cache/ruby/2.3.0/gems/rack-1.6.10/lib/rack/session/abstract/id.rb:225:in `context'
  vendor/cache/ruby/2.3.0/gems/rack-1.6.10/lib/rack/session/abstract/id.rb:220:in `call'
  vendor/cache/ruby/2.3.0/gems/actionpack-4.2.10/lib/action_dispatch/middleware/cookies.rb:560:in `call'
  vendor/cache/ruby/2.3.0/gems/activerecord-4.2.10/lib/active_record/query_cache.rb:36:in `call'
  vendor/cache/ruby/2.3.0/gems/activerecord-4.2.10/lib/active_record/connection_adapters/abstract/connection_pool.rb:653:in `call'
  vendor/cache/ruby/2.3.0/gems/activerecord-4.2.10/lib/active_record/migration.rb:377:in `call'
  vendor/cache/ruby/2.3.0/gems/actionpack-4.2.10/lib/action_dispatch/middleware/callbacks.rb:29:in `block in call'
  vendor/cache/ruby/2.3.0/gems/activesupport-4.2.10/lib/active_support/callbacks.rb:88:in `__run_callbacks__'
  vendor/cache/ruby/2.3.0/gems/activesupport-4.2.10/lib/active_support/callbacks.rb:778:in `_run_call_callbacks'
  vendor/cache/ruby/2.3.0/gems/activesupport-4.2.10/lib/active_support/callbacks.rb:81:in `run_callbacks'
  vendor/cache/ruby/2.3.0/gems/actionpack-4.2.10/lib/action_dispatch/middleware/callbacks.rb:27:in `call'
  vendor/cache/ruby/2.3.0/gems/actionpack-4.2.10/lib/action_dispatch/middleware/reloader.rb:73:in `call'
  vendor/cache/ruby/2.3.0/gems/actionpack-4.2.10/lib/action_dispatch/middleware/remote_ip.rb:78:in `call'
  vendor/cache/ruby/2.3.0/gems/actionpack-4.2.10/lib/action_dispatch/middleware/debug_exceptions.rb:17:in `call'
  vendor/cache/ruby/2.3.0/gems/actionpack-4.2.10/lib/action_dispatch/middleware/show_exceptions.rb:30:in `call'
  vendor/cache/ruby/2.3.0/gems/railties-4.2.10/lib/rails/rack/logger.rb:38:in `call_app'
  vendor/cache/ruby/2.3.0/gems/railties-4.2.10/lib/rails/rack/logger.rb:20:in `block in call'
  vendor/cache/ruby/2.3.0/gems/activesupport-4.2.10/lib/active_support/tagged_logging.rb:68:in `block in tagged'
  vendor/cache/ruby/2.3.0/gems/activesupport-4.2.10/lib/active_support/tagged_logging.rb:26:in `tagged'
  vendor/cache/ruby/2.3.0/gems/activesupport-4.2.10/lib/active_support/tagged_logging.rb:68:in `tagged'
  vendor/cache/ruby/2.3.0/gems/railties-4.2.10/lib/rails/rack/logger.rb:20:in `call'
  vendor/cache/ruby/2.3.0/gems/actionpack-4.2.10/lib/action_dispatch/middleware/request_id.rb:21:in `call'
  vendor/cache/ruby/2.3.0/gems/rack-1.6.10/lib/rack/methodoverride.rb:22:in `call'
  vendor/cache/ruby/2.3.0/gems/rack-1.6.10/lib/rack/runtime.rb:18:in `call'
  vendor/cache/ruby/2.3.0/gems/activesupport-4.2.10/lib/active_support/cache/strategy/local_cache_middleware.rb:28:in `call'
  vendor/cache/ruby/2.3.0/gems/rack-1.6.10/lib/rack/lock.rb:17:in `call'
  vendor/cache/ruby/2.3.0/gems/actionpack-4.2.10/lib/action_dispatch/middleware/static.rb:120:in `call'
  vendor/cache/ruby/2.3.0/gems/rack-1.6.10/lib/rack/sendfile.rb:113:in `call'
  vendor/cache/ruby/2.3.0/gems/railties-4.2.10/lib/rails/engine.rb:518:in `call'
  vendor/cache/ruby/2.3.0/gems/railties-4.2.10/lib/rails/application.rb:165:in `call'
  vendor/cache/ruby/2.3.0/gems/rack-1.6.10/lib/rack/lock.rb:17:in `call'
  vendor/cache/ruby/2.3.0/gems/rack-1.6.10/lib/rack/content_length.rb:15:in `call'
  vendor/cache/ruby/2.3.0/gems/rack-1.6.10/lib/rack/handler/webrick.rb:88:in `service'
  /Users/sutty/.rvm/rubies/ruby-2.3.3/lib/ruby/2.3.0/webrick/httpserver.rb:140:in `service'
  /Users/sutty/.rvm/rubies/ruby-2.3.3/lib/ruby/2.3.0/webrick/httpserver.rb:96:in `run'
  /Users/sutty/.rvm/rubies/ruby-2.3.3/lib/ruby/2.3.0/webrick/server.rb:296:in `block in start_thread'


  Rendered vendor/cache/ruby/2.3.0/gems/actionpack-4.2.10/lib/action_dispatch/middleware/templates/rescues/_source.erb (3.9ms)
  Rendered vendor/cache/ruby/2.3.0/gems/actionpack-4.2.10/lib/action_dispatch/middleware/templates/rescues/_trace.html.erb (2.0ms)
  Rendered vendor/cache/ruby/2.3.0/gems/actionpack-4.2.10/lib/action_dispatch/middleware/templates/rescues/_request_and_response.html.erb (1.3ms)
  Rendered vendor/cache/ruby/2.3.0/gems/actionpack-4.2.10/lib/action_dispatch/middleware/templates/rescues/diagnostics.html.erb within rescues/layout (156.7ms)


Started GET "/posts" for ::1 at 2018-12-18 17:06:28 +0000
Processing by PostsController#index as HTML
  [1m[36mPost Load (0.2ms)[0m  [1mSELECT "posts".* FROM "posts"[0m
  Rendered posts/index.html.erb within layouts/application (0.9ms)
Completed 200 OK in 50ms (Views: 49.5ms | ActiveRecord: 0.2ms)


Started POST "/posts" for ::1 at 2018-12-18 17:06:33 +0000
Processing by PostsController#create as HTML
  Parameters: {"post"=>{"title"=>"", "description"=>""}}
Can't verify CSRF token authenticity
Completed 422 Unprocessable Entity in 1ms (ActiveRecord: 0.0ms)

ActionController::InvalidAuthenticityToken (ActionController::InvalidAuthenticityToken):
  vendor/cache/ruby/2.3.0/gems/actionpack-4.2.10/lib/action_controller/metal/request_forgery_protection.rb:181:in `handle_unverified_request'
  vendor/cache/ruby/2.3.0/gems/actionpack-4.2.10/lib/action_controller/metal/request_forgery_protection.rb:209:in `handle_unverified_request'
  vendor/cache/ruby/2.3.0/gems/actionpack-4.2.10/lib/action_controller/metal/request_forgery_protection.rb:204:in `verify_authenticity_token'
  vendor/cache/ruby/2.3.0/gems/activesupport-4.2.10/lib/active_support/callbacks.rb:432:in `block in make_lambda'
  vendor/cache/ruby/2.3.0/gems/activesupport-4.2.10/lib/active_support/callbacks.rb:164:in `block in halting'
  vendor/cache/ruby/2.3.0/gems/activesupport-4.2.10/lib/active_support/callbacks.rb:504:in `block in call'
  vendor/cache/ruby/2.3.0/gems/activesupport-4.2.10/lib/active_support/callbacks.rb:504:in `each'
  vendor/cache/ruby/2.3.0/gems/activesupport-4.2.10/lib/active_support/callbacks.rb:504:in `call'
  vendor/cache/ruby/2.3.0/gems/activesupport-4.2.10/lib/active_support/callbacks.rb:92:in `__run_callbacks__'
  vendor/cache/ruby/2.3.0/gems/activesupport-4.2.10/lib/active_support/callbacks.rb:778:in `_run_process_action_callbacks'
  vendor/cache/ruby/2.3.0/gems/activesupport-4.2.10/lib/active_support/callbacks.rb:81:in `run_callbacks'
  vendor/cache/ruby/2.3.0/gems/actionpack-4.2.10/lib/abstract_controller/callbacks.rb:19:in `process_action'
  vendor/cache/ruby/2.3.0/gems/actionpack-4.2.10/lib/action_controller/metal/rescue.rb:29:in `process_action'
  vendor/cache/ruby/2.3.0/gems/actionpack-4.2.10/lib/action_controller/metal/instrumentation.rb:32:in `block in process_action'
  vendor/cache/ruby/2.3.0/gems/activesupport-4.2.10/lib/active_support/notifications.rb:164:in `block in instrument'
  vendor/cache/ruby/2.3.0/gems/activesupport-4.2.10/lib/active_support/notifications/instrumenter.rb:20:in `instrument'
  vendor/cache/ruby/2.3.0/gems/activesupport-4.2.10/lib/active_support/notifications.rb:164:in `instrument'
  vendor/cache/ruby/2.3.0/gems/actionpack-4.2.10/lib/action_controller/metal/instrumentation.rb:30:in `process_action'
  vendor/cache/ruby/2.3.0/gems/actionpack-4.2.10/lib/action_controller/metal/params_wrapper.rb:250:in `process_action'
  vendor/cache/ruby/2.3.0/gems/activerecord-4.2.10/lib/active_record/railties/controller_runtime.rb:18:in `process_action'
  vendor/cache/ruby/2.3.0/gems/actionpack-4.2.10/lib/abstract_controller/base.rb:137:in `process'
  vendor/cache/ruby/2.3.0/gems/actionview-4.2.10/lib/action_view/rendering.rb:30:in `process'
  vendor/cache/ruby/2.3.0/gems/actionpack-4.2.10/lib/action_controller/metal.rb:196:in `dispatch'
  vendor/cache/ruby/2.3.0/gems/actionpack-4.2.10/lib/action_controller/metal/rack_delegation.rb:13:in `dispatch'
  vendor/cache/ruby/2.3.0/gems/actionpack-4.2.10/lib/action_controller/metal.rb:237:in `block in action'
  vendor/cache/ruby/2.3.0/gems/actionpack-4.2.10/lib/action_dispatch/routing/route_set.rb:74:in `dispatch'
  vendor/cache/ruby/2.3.0/gems/actionpack-4.2.10/lib/action_dispatch/routing/route_set.rb:43:in `serve'
  vendor/cache/ruby/2.3.0/gems/actionpack-4.2.10/lib/action_dispatch/journey/router.rb:43:in `block in serve'
  vendor/cache/ruby/2.3.0/gems/actionpack-4.2.10/lib/action_dispatch/journey/router.rb:30:in `each'
  vendor/cache/ruby/2.3.0/gems/actionpack-4.2.10/lib/action_dispatch/journey/router.rb:30:in `serve'
  vendor/cache/ruby/2.3.0/gems/actionpack-4.2.10/lib/action_dispatch/routing/route_set.rb:817:in `call'
  vendor/cache/ruby/2.3.0/gems/rack-1.6.10/lib/rack/etag.rb:24:in `call'
  vendor/cache/ruby/2.3.0/gems/rack-1.6.10/lib/rack/conditionalget.rb:38:in `call'
  vendor/cache/ruby/2.3.0/gems/rack-1.6.10/lib/rack/head.rb:13:in `call'
  vendor/cache/ruby/2.3.0/gems/actionpack-4.2.10/lib/action_dispatch/middleware/params_parser.rb:27:in `call'
  vendor/cache/ruby/2.3.0/gems/actionpack-4.2.10/lib/action_dispatch/middleware/flash.rb:260:in `call'
  vendor/cache/ruby/2.3.0/gems/rack-1.6.10/lib/rack/session/abstract/id.rb:225:in `context'
  vendor/cache/ruby/2.3.0/gems/rack-1.6.10/lib/rack/session/abstract/id.rb:220:in `call'
  vendor/cache/ruby/2.3.0/gems/actionpack-4.2.10/lib/action_dispatch/middleware/cookies.rb:560:in `call'
  vendor/cache/ruby/2.3.0/gems/activerecord-4.2.10/lib/active_record/query_cache.rb:36:in `call'
  vendor/cache/ruby/2.3.0/gems/activerecord-4.2.10/lib/active_record/connection_adapters/abstract/connection_pool.rb:653:in `call'
  vendor/cache/ruby/2.3.0/gems/activerecord-4.2.10/lib/active_record/migration.rb:377:in `call'
  vendor/cache/ruby/2.3.0/gems/actionpack-4.2.10/lib/action_dispatch/middleware/callbacks.rb:29:in `block in call'
  vendor/cache/ruby/2.3.0/gems/activesupport-4.2.10/lib/active_support/callbacks.rb:88:in `__run_callbacks__'
  vendor/cache/ruby/2.3.0/gems/activesupport-4.2.10/lib/active_support/callbacks.rb:778:in `_run_call_callbacks'
  vendor/cache/ruby/2.3.0/gems/activesupport-4.2.10/lib/active_support/callbacks.rb:81:in `run_callbacks'
  vendor/cache/ruby/2.3.0/gems/actionpack-4.2.10/lib/action_dispatch/middleware/callbacks.rb:27:in `call'
  vendor/cache/ruby/2.3.0/gems/actionpack-4.2.10/lib/action_dispatch/middleware/reloader.rb:73:in `call'
  vendor/cache/ruby/2.3.0/gems/actionpack-4.2.10/lib/action_dispatch/middleware/remote_ip.rb:78:in `call'
  vendor/cache/ruby/2.3.0/gems/actionpack-4.2.10/lib/action_dispatch/middleware/debug_exceptions.rb:17:in `call'
  vendor/cache/ruby/2.3.0/gems/actionpack-4.2.10/lib/action_dispatch/middleware/show_exceptions.rb:30:in `call'
  vendor/cache/ruby/2.3.0/gems/railties-4.2.10/lib/rails/rack/logger.rb:38:in `call_app'
  vendor/cache/ruby/2.3.0/gems/railties-4.2.10/lib/rails/rack/logger.rb:20:in `block in call'
  vendor/cache/ruby/2.3.0/gems/activesupport-4.2.10/lib/active_support/tagged_logging.rb:68:in `block in tagged'
  vendor/cache/ruby/2.3.0/gems/activesupport-4.2.10/lib/active_support/tagged_logging.rb:26:in `tagged'
  vendor/cache/ruby/2.3.0/gems/activesupport-4.2.10/lib/active_support/tagged_logging.rb:68:in `tagged'
  vendor/cache/ruby/2.3.0/gems/railties-4.2.10/lib/rails/rack/logger.rb:20:in `call'
  vendor/cache/ruby/2.3.0/gems/actionpack-4.2.10/lib/action_dispatch/middleware/request_id.rb:21:in `call'
  vendor/cache/ruby/2.3.0/gems/rack-1.6.10/lib/rack/methodoverride.rb:22:in `call'
  vendor/cache/ruby/2.3.0/gems/rack-1.6.10/lib/rack/runtime.rb:18:in `call'
  vendor/cache/ruby/2.3.0/gems/activesupport-4.2.10/lib/active_support/cache/strategy/local_cache_middleware.rb:28:in `call'
  vendor/cache/ruby/2.3.0/gems/rack-1.6.10/lib/rack/lock.rb:17:in `call'
  vendor/cache/ruby/2.3.0/gems/actionpack-4.2.10/lib/action_dispatch/middleware/static.rb:120:in `call'
  vendor/cache/ruby/2.3.0/gems/rack-1.6.10/lib/rack/sendfile.rb:113:in `call'
  vendor/cache/ruby/2.3.0/gems/railties-4.2.10/lib/rails/engine.rb:518:in `call'
  vendor/cache/ruby/2.3.0/gems/railties-4.2.10/lib/rails/application.rb:165:in `call'
  vendor/cache/ruby/2.3.0/gems/rack-1.6.10/lib/rack/lock.rb:17:in `call'
  vendor/cache/ruby/2.3.0/gems/rack-1.6.10/lib/rack/content_length.rb:15:in `call'
  vendor/cache/ruby/2.3.0/gems/rack-1.6.10/lib/rack/handler/webrick.rb:88:in `service'
  /Users/sutty/.rvm/rubies/ruby-2.3.3/lib/ruby/2.3.0/webrick/httpserver.rb:140:in `service'
  /Users/sutty/.rvm/rubies/ruby-2.3.3/lib/ruby/2.3.0/webrick/httpserver.rb:96:in `run'
  /Users/sutty/.rvm/rubies/ruby-2.3.3/lib/ruby/2.3.0/webrick/server.rb:296:in `block in start_thread'


  Rendered vendor/cache/ruby/2.3.0/gems/actionpack-4.2.10/lib/action_dispatch/middleware/templates/rescues/_source.erb (3.7ms)
  Rendered vendor/cache/ruby/2.3.0/gems/actionpack-4.2.10/lib/action_dispatch/middleware/templates/rescues/_trace.html.erb (3.0ms)
  Rendered vendor/cache/ruby/2.3.0/gems/actionpack-4.2.10/lib/action_dispatch/middleware/templates/rescues/_request_and_response.html.erb (1.8ms)
  Rendered vendor/cache/ruby/2.3.0/gems/actionpack-4.2.10/lib/action_dispatch/middleware/templates/rescues/diagnostics.html.erb within rescues/layout (161.1ms)


Started POST "/posts" for ::1 at 2018-12-18 17:07:25 +0000
Processing by PostsController#create as HTML
  Parameters: {"post"=>{"title"=>"rrrr", "description"=>"rrrrr"}}
Can't verify CSRF token authenticity
Completed 422 Unprocessable Entity in 1ms (ActiveRecord: 0.0ms)

ActionController::InvalidAuthenticityToken (ActionController::InvalidAuthenticityToken):
  vendor/cache/ruby/2.3.0/gems/actionpack-4.2.10/lib/action_controller/metal/request_forgery_protection.rb:181:in `handle_unverified_request'
  vendor/cache/ruby/2.3.0/gems/actionpack-4.2.10/lib/action_controller/metal/request_forgery_protection.rb:209:in `handle_unverified_request'
  vendor/cache/ruby/2.3.0/gems/actionpack-4.2.10/lib/action_controller/metal/request_forgery_protection.rb:204:in `verify_authenticity_token'
  vendor/cache/ruby/2.3.0/gems/activesupport-4.2.10/lib/active_support/callbacks.rb:432:in `block in make_lambda'
  vendor/cache/ruby/2.3.0/gems/activesupport-4.2.10/lib/active_support/callbacks.rb:164:in `block in halting'
  vendor/cache/ruby/2.3.0/gems/activesupport-4.2.10/lib/active_support/callbacks.rb:504:in `block in call'
  vendor/cache/ruby/2.3.0/gems/activesupport-4.2.10/lib/active_support/callbacks.rb:504:in `each'
  vendor/cache/ruby/2.3.0/gems/activesupport-4.2.10/lib/active_support/callbacks.rb:504:in `call'
  vendor/cache/ruby/2.3.0/gems/activesupport-4.2.10/lib/active_support/callbacks.rb:92:in `__run_callbacks__'
  vendor/cache/ruby/2.3.0/gems/activesupport-4.2.10/lib/active_support/callbacks.rb:778:in `_run_process_action_callbacks'
  vendor/cache/ruby/2.3.0/gems/activesupport-4.2.10/lib/active_support/callbacks.rb:81:in `run_callbacks'
  vendor/cache/ruby/2.3.0/gems/actionpack-4.2.10/lib/abstract_controller/callbacks.rb:19:in `process_action'
  vendor/cache/ruby/2.3.0/gems/actionpack-4.2.10/lib/action_controller/metal/rescue.rb:29:in `process_action'
  vendor/cache/ruby/2.3.0/gems/actionpack-4.2.10/lib/action_controller/metal/instrumentation.rb:32:in `block in process_action'
  vendor/cache/ruby/2.3.0/gems/activesupport-4.2.10/lib/active_support/notifications.rb:164:in `block in instrument'
  vendor/cache/ruby/2.3.0/gems/activesupport-4.2.10/lib/active_support/notifications/instrumenter.rb:20:in `instrument'
  vendor/cache/ruby/2.3.0/gems/activesupport-4.2.10/lib/active_support/notifications.rb:164:in `instrument'
  vendor/cache/ruby/2.3.0/gems/actionpack-4.2.10/lib/action_controller/metal/instrumentation.rb:30:in `process_action'
  vendor/cache/ruby/2.3.0/gems/actionpack-4.2.10/lib/action_controller/metal/params_wrapper.rb:250:in `process_action'
  vendor/cache/ruby/2.3.0/gems/activerecord-4.2.10/lib/active_record/railties/controller_runtime.rb:18:in `process_action'
  vendor/cache/ruby/2.3.0/gems/actionpack-4.2.10/lib/abstract_controller/base.rb:137:in `process'
  vendor/cache/ruby/2.3.0/gems/actionview-4.2.10/lib/action_view/rendering.rb:30:in `process'
  vendor/cache/ruby/2.3.0/gems/actionpack-4.2.10/lib/action_controller/metal.rb:196:in `dispatch'
  vendor/cache/ruby/2.3.0/gems/actionpack-4.2.10/lib/action_controller/metal/rack_delegation.rb:13:in `dispatch'
  vendor/cache/ruby/2.3.0/gems/actionpack-4.2.10/lib/action_controller/metal.rb:237:in `block in action'
  vendor/cache/ruby/2.3.0/gems/actionpack-4.2.10/lib/action_dispatch/routing/route_set.rb:74:in `dispatch'
  vendor/cache/ruby/2.3.0/gems/actionpack-4.2.10/lib/action_dispatch/routing/route_set.rb:43:in `serve'
  vendor/cache/ruby/2.3.0/gems/actionpack-4.2.10/lib/action_dispatch/journey/router.rb:43:in `block in serve'
  vendor/cache/ruby/2.3.0/gems/actionpack-4.2.10/lib/action_dispatch/journey/router.rb:30:in `each'
  vendor/cache/ruby/2.3.0/gems/actionpack-4.2.10/lib/action_dispatch/journey/router.rb:30:in `serve'
  vendor/cache/ruby/2.3.0/gems/actionpack-4.2.10/lib/action_dispatch/routing/route_set.rb:817:in `call'
  vendor/cache/ruby/2.3.0/gems/rack-1.6.10/lib/rack/etag.rb:24:in `call'
  vendor/cache/ruby/2.3.0/gems/rack-1.6.10/lib/rack/conditionalget.rb:38:in `call'
  vendor/cache/ruby/2.3.0/gems/rack-1.6.10/lib/rack/head.rb:13:in `call'
  vendor/cache/ruby/2.3.0/gems/actionpack-4.2.10/lib/action_dispatch/middleware/params_parser.rb:27:in `call'
  vendor/cache/ruby/2.3.0/gems/actionpack-4.2.10/lib/action_dispatch/middleware/flash.rb:260:in `call'
  vendor/cache/ruby/2.3.0/gems/rack-1.6.10/lib/rack/session/abstract/id.rb:225:in `context'
  vendor/cache/ruby/2.3.0/gems/rack-1.6.10/lib/rack/session/abstract/id.rb:220:in `call'
  vendor/cache/ruby/2.3.0/gems/actionpack-4.2.10/lib/action_dispatch/middleware/cookies.rb:560:in `call'
  vendor/cache/ruby/2.3.0/gems/activerecord-4.2.10/lib/active_record/query_cache.rb:36:in `call'
  vendor/cache/ruby/2.3.0/gems/activerecord-4.2.10/lib/active_record/connection_adapters/abstract/connection_pool.rb:653:in `call'
  vendor/cache/ruby/2.3.0/gems/activerecord-4.2.10/lib/active_record/migration.rb:377:in `call'
  vendor/cache/ruby/2.3.0/gems/actionpack-4.2.10/lib/action_dispatch/middleware/callbacks.rb:29:in `block in call'
  vendor/cache/ruby/2.3.0/gems/activesupport-4.2.10/lib/active_support/callbacks.rb:88:in `__run_callbacks__'
  vendor/cache/ruby/2.3.0/gems/activesupport-4.2.10/lib/active_support/callbacks.rb:778:in `_run_call_callbacks'
  vendor/cache/ruby/2.3.0/gems/activesupport-4.2.10/lib/active_support/callbacks.rb:81:in `run_callbacks'
  vendor/cache/ruby/2.3.0/gems/actionpack-4.2.10/lib/action_dispatch/middleware/callbacks.rb:27:in `call'
  vendor/cache/ruby/2.3.0/gems/actionpack-4.2.10/lib/action_dispatch/middleware/reloader.rb:73:in `call'
  vendor/cache/ruby/2.3.0/gems/actionpack-4.2.10/lib/action_dispatch/middleware/remote_ip.rb:78:in `call'
  vendor/cache/ruby/2.3.0/gems/actionpack-4.2.10/lib/action_dispatch/middleware/debug_exceptions.rb:17:in `call'
  vendor/cache/ruby/2.3.0/gems/actionpack-4.2.10/lib/action_dispatch/middleware/show_exceptions.rb:30:in `call'
  vendor/cache/ruby/2.3.0/gems/railties-4.2.10/lib/rails/rack/logger.rb:38:in `call_app'
  vendor/cache/ruby/2.3.0/gems/railties-4.2.10/lib/rails/rack/logger.rb:20:in `block in call'
  vendor/cache/ruby/2.3.0/gems/activesupport-4.2.10/lib/active_support/tagged_logging.rb:68:in `block in tagged'
  vendor/cache/ruby/2.3.0/gems/activesupport-4.2.10/lib/active_support/tagged_logging.rb:26:in `tagged'
  vendor/cache/ruby/2.3.0/gems/activesupport-4.2.10/lib/active_support/tagged_logging.rb:68:in `tagged'
  vendor/cache/ruby/2.3.0/gems/railties-4.2.10/lib/rails/rack/logger.rb:20:in `call'
  vendor/cache/ruby/2.3.0/gems/actionpack-4.2.10/lib/action_dispatch/middleware/request_id.rb:21:in `call'
  vendor/cache/ruby/2.3.0/gems/rack-1.6.10/lib/rack/methodoverride.rb:22:in `call'
  vendor/cache/ruby/2.3.0/gems/rack-1.6.10/lib/rack/runtime.rb:18:in `call'
  vendor/cache/ruby/2.3.0/gems/activesupport-4.2.10/lib/active_support/cache/strategy/local_cache_middleware.rb:28:in `call'
  vendor/cache/ruby/2.3.0/gems/rack-1.6.10/lib/rack/lock.rb:17:in `call'
  vendor/cache/ruby/2.3.0/gems/actionpack-4.2.10/lib/action_dispatch/middleware/static.rb:120:in `call'
  vendor/cache/ruby/2.3.0/gems/rack-1.6.10/lib/rack/sendfile.rb:113:in `call'
  vendor/cache/ruby/2.3.0/gems/railties-4.2.10/lib/rails/engine.rb:518:in `call'
  vendor/cache/ruby/2.3.0/gems/railties-4.2.10/lib/rails/application.rb:165:in `call'
  vendor/cache/ruby/2.3.0/gems/rack-1.6.10/lib/rack/lock.rb:17:in `call'
  vendor/cache/ruby/2.3.0/gems/rack-1.6.10/lib/rack/content_length.rb:15:in `call'
  vendor/cache/ruby/2.3.0/gems/rack-1.6.10/lib/rack/handler/webrick.rb:88:in `service'
  /Users/sutty/.rvm/rubies/ruby-2.3.3/lib/ruby/2.3.0/webrick/httpserver.rb:140:in `service'
  /Users/sutty/.rvm/rubies/ruby-2.3.3/lib/ruby/2.3.0/webrick/httpserver.rb:96:in `run'
  /Users/sutty/.rvm/rubies/ruby-2.3.3/lib/ruby/2.3.0/webrick/server.rb:296:in `block in start_thread'


  Rendered vendor/cache/ruby/2.3.0/gems/actionpack-4.2.10/lib/action_dispatch/middleware/templates/rescues/_source.erb (4.7ms)
  Rendered vendor/cache/ruby/2.3.0/gems/actionpack-4.2.10/lib/action_dispatch/middleware/templates/rescues/_trace.html.erb (1.9ms)
  Rendered vendor/cache/ruby/2.3.0/gems/actionpack-4.2.10/lib/action_dispatch/middleware/templates/rescues/_request_and_response.html.erb (1.8ms)
  Rendered vendor/cache/ruby/2.3.0/gems/actionpack-4.2.10/lib/action_dispatch/middleware/templates/rescues/diagnostics.html.erb within rescues/layout (154.8ms)


Started POST "/posts" for ::1 at 2018-12-18 17:09:12 +0000
Processing by PostsController#create as HTML
  Parameters: {"post"=>{"title"=>"rrrr", "description"=>"rrrrr"}}
Can't verify CSRF token authenticity
Completed 422 Unprocessable Entity in 1ms (ActiveRecord: 0.0ms)

ActionController::InvalidAuthenticityToken (ActionController::InvalidAuthenticityToken):
  vendor/cache/ruby/2.3.0/gems/actionpack-4.2.10/lib/action_controller/metal/request_forgery_protection.rb:181:in `handle_unverified_request'
  vendor/cache/ruby/2.3.0/gems/actionpack-4.2.10/lib/action_controller/metal/request_forgery_protection.rb:209:in `handle_unverified_request'
  vendor/cache/ruby/2.3.0/gems/actionpack-4.2.10/lib/action_controller/metal/request_forgery_protection.rb:204:in `verify_authenticity_token'
  vendor/cache/ruby/2.3.0/gems/activesupport-4.2.10/lib/active_support/callbacks.rb:432:in `block in make_lambda'
  vendor/cache/ruby/2.3.0/gems/activesupport-4.2.10/lib/active_support/callbacks.rb:164:in `block in halting'
  vendor/cache/ruby/2.3.0/gems/activesupport-4.2.10/lib/active_support/callbacks.rb:504:in `block in call'
  vendor/cache/ruby/2.3.0/gems/activesupport-4.2.10/lib/active_support/callbacks.rb:504:in `each'
  vendor/cache/ruby/2.3.0/gems/activesupport-4.2.10/lib/active_support/callbacks.rb:504:in `call'
  vendor/cache/ruby/2.3.0/gems/activesupport-4.2.10/lib/active_support/callbacks.rb:92:in `__run_callbacks__'
  vendor/cache/ruby/2.3.0/gems/activesupport-4.2.10/lib/active_support/callbacks.rb:778:in `_run_process_action_callbacks'
  vendor/cache/ruby/2.3.0/gems/activesupport-4.2.10/lib/active_support/callbacks.rb:81:in `run_callbacks'
  vendor/cache/ruby/2.3.0/gems/actionpack-4.2.10/lib/abstract_controller/callbacks.rb:19:in `process_action'
  vendor/cache/ruby/2.3.0/gems/actionpack-4.2.10/lib/action_controller/metal/rescue.rb:29:in `process_action'
  vendor/cache/ruby/2.3.0/gems/actionpack-4.2.10/lib/action_controller/metal/instrumentation.rb:32:in `block in process_action'
  vendor/cache/ruby/2.3.0/gems/activesupport-4.2.10/lib/active_support/notifications.rb:164:in `block in instrument'
  vendor/cache/ruby/2.3.0/gems/activesupport-4.2.10/lib/active_support/notifications/instrumenter.rb:20:in `instrument'
  vendor/cache/ruby/2.3.0/gems/activesupport-4.2.10/lib/active_support/notifications.rb:164:in `instrument'
  vendor/cache/ruby/2.3.0/gems/actionpack-4.2.10/lib/action_controller/metal/instrumentation.rb:30:in `process_action'
  vendor/cache/ruby/2.3.0/gems/actionpack-4.2.10/lib/action_controller/metal/params_wrapper.rb:250:in `process_action'
  vendor/cache/ruby/2.3.0/gems/activerecord-4.2.10/lib/active_record/railties/controller_runtime.rb:18:in `process_action'
  vendor/cache/ruby/2.3.0/gems/actionpack-4.2.10/lib/abstract_controller/base.rb:137:in `process'
  vendor/cache/ruby/2.3.0/gems/actionview-4.2.10/lib/action_view/rendering.rb:30:in `process'
  vendor/cache/ruby/2.3.0/gems/actionpack-4.2.10/lib/action_controller/metal.rb:196:in `dispatch'
  vendor/cache/ruby/2.3.0/gems/actionpack-4.2.10/lib/action_controller/metal/rack_delegation.rb:13:in `dispatch'
  vendor/cache/ruby/2.3.0/gems/actionpack-4.2.10/lib/action_controller/metal.rb:237:in `block in action'
  vendor/cache/ruby/2.3.0/gems/actionpack-4.2.10/lib/action_dispatch/routing/route_set.rb:74:in `dispatch'
  vendor/cache/ruby/2.3.0/gems/actionpack-4.2.10/lib/action_dispatch/routing/route_set.rb:43:in `serve'
  vendor/cache/ruby/2.3.0/gems/actionpack-4.2.10/lib/action_dispatch/journey/router.rb:43:in `block in serve'
  vendor/cache/ruby/2.3.0/gems/actionpack-4.2.10/lib/action_dispatch/journey/router.rb:30:in `each'
  vendor/cache/ruby/2.3.0/gems/actionpack-4.2.10/lib/action_dispatch/journey/router.rb:30:in `serve'
  vendor/cache/ruby/2.3.0/gems/actionpack-4.2.10/lib/action_dispatch/routing/route_set.rb:817:in `call'
  vendor/cache/ruby/2.3.0/gems/rack-1.6.10/lib/rack/etag.rb:24:in `call'
  vendor/cache/ruby/2.3.0/gems/rack-1.6.10/lib/rack/conditionalget.rb:38:in `call'
  vendor/cache/ruby/2.3.0/gems/rack-1.6.10/lib/rack/head.rb:13:in `call'
  vendor/cache/ruby/2.3.0/gems/actionpack-4.2.10/lib/action_dispatch/middleware/params_parser.rb:27:in `call'
  vendor/cache/ruby/2.3.0/gems/actionpack-4.2.10/lib/action_dispatch/middleware/flash.rb:260:in `call'
  vendor/cache/ruby/2.3.0/gems/rack-1.6.10/lib/rack/session/abstract/id.rb:225:in `context'
  vendor/cache/ruby/2.3.0/gems/rack-1.6.10/lib/rack/session/abstract/id.rb:220:in `call'
  vendor/cache/ruby/2.3.0/gems/actionpack-4.2.10/lib/action_dispatch/middleware/cookies.rb:560:in `call'
  vendor/cache/ruby/2.3.0/gems/activerecord-4.2.10/lib/active_record/query_cache.rb:36:in `call'
  vendor/cache/ruby/2.3.0/gems/activerecord-4.2.10/lib/active_record/connection_adapters/abstract/connection_pool.rb:653:in `call'
  vendor/cache/ruby/2.3.0/gems/activerecord-4.2.10/lib/active_record/migration.rb:377:in `call'
  vendor/cache/ruby/2.3.0/gems/actionpack-4.2.10/lib/action_dispatch/middleware/callbacks.rb:29:in `block in call'
  vendor/cache/ruby/2.3.0/gems/activesupport-4.2.10/lib/active_support/callbacks.rb:88:in `__run_callbacks__'
  vendor/cache/ruby/2.3.0/gems/activesupport-4.2.10/lib/active_support/callbacks.rb:778:in `_run_call_callbacks'
  vendor/cache/ruby/2.3.0/gems/activesupport-4.2.10/lib/active_support/callbacks.rb:81:in `run_callbacks'
  vendor/cache/ruby/2.3.0/gems/actionpack-4.2.10/lib/action_dispatch/middleware/callbacks.rb:27:in `call'
  vendor/cache/ruby/2.3.0/gems/actionpack-4.2.10/lib/action_dispatch/middleware/reloader.rb:73:in `call'
  vendor/cache/ruby/2.3.0/gems/actionpack-4.2.10/lib/action_dispatch/middleware/remote_ip.rb:78:in `call'
  vendor/cache/ruby/2.3.0/gems/actionpack-4.2.10/lib/action_dispatch/middleware/debug_exceptions.rb:17:in `call'
  vendor/cache/ruby/2.3.0/gems/actionpack-4.2.10/lib/action_dispatch/middleware/show_exceptions.rb:30:in `call'
  vendor/cache/ruby/2.3.0/gems/railties-4.2.10/lib/rails/rack/logger.rb:38:in `call_app'
  vendor/cache/ruby/2.3.0/gems/railties-4.2.10/lib/rails/rack/logger.rb:20:in `block in call'
  vendor/cache/ruby/2.3.0/gems/activesupport-4.2.10/lib/active_support/tagged_logging.rb:68:in `block in tagged'
  vendor/cache/ruby/2.3.0/gems/activesupport-4.2.10/lib/active_support/tagged_logging.rb:26:in `tagged'
  vendor/cache/ruby/2.3.0/gems/activesupport-4.2.10/lib/active_support/tagged_logging.rb:68:in `tagged'
  vendor/cache/ruby/2.3.0/gems/railties-4.2.10/lib/rails/rack/logger.rb:20:in `call'
  vendor/cache/ruby/2.3.0/gems/actionpack-4.2.10/lib/action_dispatch/middleware/request_id.rb:21:in `call'
  vendor/cache/ruby/2.3.0/gems/rack-1.6.10/lib/rack/methodoverride.rb:22:in `call'
  vendor/cache/ruby/2.3.0/gems/rack-1.6.10/lib/rack/runtime.rb:18:in `call'
  vendor/cache/ruby/2.3.0/gems/activesupport-4.2.10/lib/active_support/cache/strategy/local_cache_middleware.rb:28:in `call'
  vendor/cache/ruby/2.3.0/gems/rack-1.6.10/lib/rack/lock.rb:17:in `call'
  vendor/cache/ruby/2.3.0/gems/actionpack-4.2.10/lib/action_dispatch/middleware/static.rb:120:in `call'
  vendor/cache/ruby/2.3.0/gems/rack-1.6.10/lib/rack/sendfile.rb:113:in `call'
  vendor/cache/ruby/2.3.0/gems/railties-4.2.10/lib/rails/engine.rb:518:in `call'
  vendor/cache/ruby/2.3.0/gems/railties-4.2.10/lib/rails/application.rb:165:in `call'
  vendor/cache/ruby/2.3.0/gems/rack-1.6.10/lib/rack/lock.rb:17:in `call'
  vendor/cache/ruby/2.3.0/gems/rack-1.6.10/lib/rack/content_length.rb:15:in `call'
  vendor/cache/ruby/2.3.0/gems/rack-1.6.10/lib/rack/handler/webrick.rb:88:in `service'
  /Users/sutty/.rvm/rubies/ruby-2.3.3/lib/ruby/2.3.0/webrick/httpserver.rb:140:in `service'
  /Users/sutty/.rvm/rubies/ruby-2.3.3/lib/ruby/2.3.0/webrick/httpserver.rb:96:in `run'
  /Users/sutty/.rvm/rubies/ruby-2.3.3/lib/ruby/2.3.0/webrick/server.rb:296:in `block in start_thread'


  Rendered vendor/cache/ruby/2.3.0/gems/actionpack-4.2.10/lib/action_dispatch/middleware/templates/rescues/_source.erb (6.7ms)
  Rendered vendor/cache/ruby/2.3.0/gems/actionpack-4.2.10/lib/action_dispatch/middleware/templates/rescues/_trace.html.erb (2.9ms)
  Rendered vendor/cache/ruby/2.3.0/gems/actionpack-4.2.10/lib/action_dispatch/middleware/templates/rescues/_request_and_response.html.erb (1.5ms)
  Rendered vendor/cache/ruby/2.3.0/gems/actionpack-4.2.10/lib/action_dispatch/middleware/templates/rescues/diagnostics.html.erb within rescues/layout (219.6ms)


Started GET "/posts/new" for ::1 at 2018-12-18 17:09:28 +0000
  [1m[36mActiveRecord::SchemaMigration Load (0.3ms)[0m  [1mSELECT "schema_migrations".* FROM "schema_migrations"[0m
Processing by PostsController#new as HTML
  Rendered posts/new.html.erb within layouts/application (2.3ms)
Completed 200 OK in 334ms (Views: 318.5ms | ActiveRecord: 0.0ms)


Started POST "/posts" for ::1 at 2018-12-18 17:09:33 +0000
Processing by PostsController#create as HTML
  Parameters: {"post"=>{"title"=>"ccc", "description"=>"ccc"}, "authenticity_token"=>"wOcury0ArMZFKO5dslP52C0XHpScntQxoTcbba6dM0d+io/4erwbpGLEc/cRZhNJupaFXpOJ/QPqCvmuifUYeQ=="}
  [1m[35m (0.1ms)[0m  begin transaction
  [1m[36mSQL (2.5ms)[0m  [1mINSERT INTO "posts" ("title", "description", "created_at", "updated_at") VALUES (?, ?, ?, ?)[0m  [["title", "ccc"], ["description", "ccc"], ["created_at", "2018-12-18 17:09:33.602546"], ["updated_at", "2018-12-18 17:09:33.602546"]]
  [1m[35m (1.8ms)[0m  commit transaction
Redirected to http://localhost:3000/posts
Completed 302 Found in 27ms (ActiveRecord: 5.2ms)


Started GET "/posts" for ::1 at 2018-12-18 17:09:33 +0000
Processing by PostsController#index as HTML
  [1m[36mPost Load (0.4ms)[0m  [1mSELECT "posts".* FROM "posts"[0m
  Rendered posts/index.html.erb within layouts/application (2.5ms)
Completed 200 OK in 28ms (Views: 26.8ms | ActiveRecord: 0.4ms)


Started GET "/posts/new" for ::1 at 2018-12-18 17:11:27 +0000
Processing by PostsController#new as HTML
  Rendered posts/new.html.erb within layouts/application (0.7ms)
Completed 500 Internal Server Error in 8ms (ActiveRecord: 0.0ms)

SyntaxError (/Users/Sutty/Desktop/Bootcamp/Rails/rails-form_tag-readme-london-web-111918/app/views/posts/new.html.erb:15: syntax error, unexpected keyword_ensure, expecting keyword_end
/Users/Sutty/Desktop/Bootcamp/Rails/rails-form_tag-readme-london-web-111918/app/views/posts/new.html.erb:17: syntax error, unexpected end-of-input, expecting keyword_end):
  app/views/posts/new.html.erb:15: syntax error, unexpected keyword_ensure, expecting keyword_end
  app/views/posts/new.html.erb:17: syntax error, unexpected end-of-input, expecting keyword_end


  Rendered vendor/cache/ruby/2.3.0/gems/actionpack-4.2.10/lib/action_dispatch/middleware/templates/rescues/_source.erb (6.4ms)
  Rendered vendor/cache/ruby/2.3.0/gems/actionpack-4.2.10/lib/action_dispatch/middleware/templates/rescues/_trace.html.erb (2.4ms)
  Rendered vendor/cache/ruby/2.3.0/gems/actionpack-4.2.10/lib/action_dispatch/middleware/templates/rescues/_request_and_response.html.erb (0.8ms)
  Rendered vendor/cache/ruby/2.3.0/gems/actionpack-4.2.10/lib/action_dispatch/middleware/templates/rescues/diagnostics.html.erb within rescues/layout (158.9ms)


Started GET "/posts/new" for ::1 at 2018-12-18 17:11:39 +0000
  [1m[36mActiveRecord::SchemaMigration Load (0.1ms)[0m  [1mSELECT "schema_migrations".* FROM "schema_migrations"[0m
Processing by PostsController#new as HTML
  Rendered posts/new.html.erb within layouts/application (0.6ms)
Completed 500 Internal Server Error in 47ms (ActiveRecord: 0.0ms)

SyntaxError (/Users/Sutty/Desktop/Bootcamp/Rails/rails-form_tag-readme-london-web-111918/app/views/posts/new.html.erb:15: syntax error, unexpected keyword_ensure, expecting keyword_end
/Users/Sutty/Desktop/Bootcamp/Rails/rails-form_tag-readme-london-web-111918/app/views/posts/new.html.erb:17: syntax error, unexpected end-of-input, expecting keyword_end):
  app/views/posts/new.html.erb:15: syntax error, unexpected keyword_ensure, expecting keyword_end
  app/views/posts/new.html.erb:17: syntax error, unexpected end-of-input, expecting keyword_end


  Rendered vendor/cache/ruby/2.3.0/gems/actionpack-4.2.10/lib/action_dispatch/middleware/templates/rescues/_source.erb (6.0ms)
  Rendered vendor/cache/ruby/2.3.0/gems/actionpack-4.2.10/lib/action_dispatch/middleware/templates/rescues/_trace.html.erb (2.4ms)
  Rendered vendor/cache/ruby/2.3.0/gems/actionpack-4.2.10/lib/action_dispatch/middleware/templates/rescues/_request_and_response.html.erb (0.8ms)
  Rendered vendor/cache/ruby/2.3.0/gems/actionpack-4.2.10/lib/action_dispatch/middleware/templates/rescues/diagnostics.html.erb within rescues/layout (170.3ms)


Started GET "/posts" for ::1 at 2018-12-18 17:12:40 +0000
  [1m[36mActiveRecord::SchemaMigration Load (0.1ms)[0m  [1mSELECT "schema_migrations".* FROM "schema_migrations"[0m
Processing by PostsController#index as HTML
  [1m[35mPost Load (0.3ms)[0m  SELECT "posts".* FROM "posts"
  Rendered posts/index.html.erb within layouts/application (21.6ms)
Completed 200 OK in 368ms (Views: 334.5ms | ActiveRecord: 1.1ms)


Started GET "/posts/new" for ::1 at 2018-12-18 17:12:45 +0000
Processing by PostsController#new as HTML
  Rendered posts/new.html.erb within layouts/application (1.5ms)
Completed 200 OK in 63ms (Views: 62.2ms | ActiveRecord: 0.0ms)


Started POST "/posts" for ::1 at 2018-12-18 17:12:49 +0000
Processing by PostsController#create as HTML
  Parameters: {"utf8"=>"✓", "authenticity_token"=>"q/OTalwwqP8PlYfZzJOPFfkZQKXtIgrGtS0VbJV5kaIVnjI9C4wfnSh5GnNvpmWEbpjbb+I1I/T+EPevshG6nA==", "post"=>{"title"=>"dsdsd", "description"=>"xdsd"}}
  [1m[36m (0.1ms)[0m  [1mbegin transaction[0m
  [1m[35mSQL (1.2ms)[0m  INSERT INTO "posts" ("title", "description", "created_at", "updated_at") VALUES (?, ?, ?, ?)  [["title", "dsdsd"], ["description", "xdsd"], ["created_at", "2018-12-18 17:12:49.202902"], ["updated_at", "2018-12-18 17:12:49.202902"]]
  [1m[36m (1.3ms)[0m  [1mcommit transaction[0m
Redirected to http://localhost:3000/posts
Completed 302 Found in 11ms (ActiveRecord: 2.6ms)


Started GET "/posts" for ::1 at 2018-12-18 17:12:49 +0000
Processing by PostsController#index as HTML
  [1m[35mPost Load (0.3ms)[0m  SELECT "posts".* FROM "posts"
  Rendered posts/index.html.erb within layouts/application (1.3ms)
Completed 200 OK in 35ms (Views: 32.6ms | ActiveRecord: 0.3ms)


Started GET "/posts/new" for ::1 at 2018-12-18 17:14:11 +0000
Processing by PostsController#new as HTML
  Rendered posts/new.html.erb within layouts/application (1.2ms)
Completed 200 OK in 29ms (Views: 29.0ms | ActiveRecord: 0.0ms)


Started POST "/posts" for ::1 at 2018-12-18 17:14:14 +0000
Processing by PostsController#create as HTML
  Parameters: {"utf8"=>"✓", "authenticity_token"=>"hAsFC26R4FR/jZjAEpMtZ/GeMcjgE4x6LdJAqXgjtIM6ZqRcOS1XNlhhBWqxpsf2Zh+qAu8EpUhm76JqX0ufvQ==", "post"=>{"title"=>"dsdsd", "description"=>"dsdsd"}}
  [1m[36m (0.1ms)[0m  [1mbegin transaction[0m
  [1m[35mSQL (0.5ms)[0m  INSERT INTO "posts" ("title", "description", "created_at", "updated_at") VALUES (?, ?, ?, ?)  [["title", "dsdsd"], ["description", "dsdsd"], ["created_at", "2018-12-18 17:14:14.782995"], ["updated_at", "2018-12-18 17:14:14.782995"]]
  [1m[36m (1.0ms)[0m  [1mcommit transaction[0m
Redirected to http://localhost:3000/posts
Completed 302 Found in 5ms (ActiveRecord: 1.6ms)


Started GET "/posts" for ::1 at 2018-12-18 17:14:14 +0000
Processing by PostsController#index as HTML
  [1m[35mPost Load (0.2ms)[0m  SELECT "posts".* FROM "posts"
  Rendered posts/index.html.erb within layouts/application (1.0ms)
Completed 200 OK in 41ms (Views: 40.3ms | ActiveRecord: 0.2ms)


Started GET "/posts/new" for ::1 at 2018-12-18 17:15:17 +0000
Processing by PostsController#new as HTML
  Rendered posts/new.html.erb within layouts/application (1.6ms)
Completed 200 OK in 31ms (Views: 30.4ms | ActiveRecord: 0.0ms)


Started POST "/posts" for ::1 at 2018-12-18 17:15:20 +0000
Processing by PostsController#create as HTML
  Parameters: {"utf8"=>"✓", "authenticity_token"=>"1norYbRITdgUVjivU96JCaxkH3w5lXZuegp8HspIYfloF4o24/T6ujO6pQXw62OYO+WEtjaCX1wxN57d7SBKxw==", "post"=>{"title"=>"dsdd", "description"=>"dsdsd"}}
  [1m[36m (0.1ms)[0m  [1mbegin transaction[0m
  [1m[35mSQL (0.8ms)[0m  INSERT INTO "posts" ("title", "description", "created_at", "updated_at") VALUES (?, ?, ?, ?)  [["title", "dsdd"], ["description", "dsdsd"], ["created_at", "2018-12-18 17:15:20.932332"], ["updated_at", "2018-12-18 17:15:20.932332"]]
  [1m[36m (1.1ms)[0m  [1mcommit transaction[0m
Redirected to http://localhost:3000/posts
Completed 302 Found in 7ms (ActiveRecord: 1.9ms)


Started GET "/posts" for ::1 at 2018-12-18 17:15:20 +0000
Processing by PostsController#index as HTML
  [1m[35mPost Load (0.3ms)[0m  SELECT "posts".* FROM "posts"
  Rendered posts/index.html.erb within layouts/application (1.2ms)
Completed 200 OK in 37ms (Views: 36.6ms | ActiveRecord: 0.3ms)


Started GET "/posts/new" for ::1 at 2018-12-18 17:18:54 +0000
Processing by PostsController#new as HTML
  Rendered posts/new.html.erb within layouts/application (3.3ms)
Completed 200 OK in 158ms (Views: 157.5ms | ActiveRecord: 0.0ms)


Started POST "/posts" for ::1 at 2018-12-18 17:18:58 +0000
Processing by PostsController#create as HTML
  Parameters: {"utf8"=>"✓", "authenticity_token"=>"z32qnFJmwWgO2otqwKttM+9xywROfVrea5mfiyevkFRxEAvLBdp2Cik2FsBjnoeiePBQzkFqc+wgpH1IAMe7ag==", "post"=>{"title"=>"dsdff", "description"=>"fdfdfd"}, "commit"=>"Submit Post"}
  [1m[36m (0.1ms)[0m  [1mbegin transaction[0m
  [1m[35mSQL (0.4ms)[0m  INSERT INTO "posts" ("title", "description", "created_at", "updated_at") VALUES (?, ?, ?, ?)  [["title", "dsdff"], ["description", "fdfdfd"], ["created_at", "2018-12-18 17:18:58.559202"], ["updated_at", "2018-12-18 17:18:58.559202"]]
  [1m[36m (2.0ms)[0m  [1mcommit transaction[0m
Redirected to http://localhost:3000/posts
Completed 302 Found in 9ms (ActiveRecord: 2.5ms)


Started GET "/posts" for ::1 at 2018-12-18 17:18:58 +0000
Processing by PostsController#index as HTML
  [1m[35mPost Load (0.2ms)[0m  SELECT "posts".* FROM "posts"
  Rendered posts/index.html.erb within layouts/application (1.2ms)
Completed 200 OK in 43ms (Views: 41.2ms | ActiveRecord: 0.2ms)
